<?xml version="1.0" encoding="UTF-8"?>
<testng-results skipped="0" failed="0" ignored="0" total="1" passed="1">
  <reporter-output>
  </reporter-output>
  <suite name="Surefire suite" duration-ms="370822" started-at="2019-11-13T19:29:09 CET" finished-at="2019-11-13T19:35:19 CET">
    <groups>
    </groups>
    <test name="Surefire test" duration-ms="370822" started-at="2019-11-13T19:29:09 CET" finished-at="2019-11-13T19:35:19 CET">
      <class name="splunk.splunk_automation.DriverTest">
        <test-method status="PASS" signature="Code()[pri:0, instance:splunk.splunk_automation.DriverTest@6325a3ee]" name="Code" duration-ms="370770" started-at="2019-11-13T19:29:09 CET" finished-at="2019-11-13T19:35:19 CET">
          <reporter-output>
          </reporter-output>
        </test-method> <!-- Code -->
      </class> <!-- splunk.splunk_automation.DriverTest -->
    </test> <!-- Surefire test -->
  </suite> <!-- Surefire suite -->
</testng-results>
