<?xml version="1.0" encoding="UTF-8"?>
<testng-results ignored="0" total="1" passed="1" failed="0" skipped="0">
  <reporter-output>
  </reporter-output>
  <suite started-at="2019-10-30T21:21:50 CET" name="Default suite" finished-at="2019-10-30T21:26:58 CET" duration-ms="308002">
    <groups>
    </groups>
    <test started-at="2019-10-30T21:21:50 CET" name="Default test" finished-at="2019-10-30T21:26:58 CET" duration-ms="308002">
      <class name="splunk.splunk_automation.testbase">
        <test-method signature="Code()[pri:0, instance:splunk.splunk_automation.testbase@149e0f5d]" started-at="2019-10-30T21:21:50 CET" name="Code" finished-at="2019-10-30T21:26:58 CET" duration-ms="307955" status="PASS">
          <reporter-output>
          </reporter-output>
        </test-method> <!-- Code -->
      </class> <!-- splunk.splunk_automation.testbase -->
    </test> <!-- Default test -->
  </suite> <!-- Default suite -->
</testng-results>
