<?xml version="1.0" encoding="UTF-8"?>
<testng-results skipped="0" failed="0" ignored="0" total="1" passed="1">
  <reporter-output>
  </reporter-output>
  <suite name="Default suite" duration-ms="315067" started-at="2019-10-31T18:43:05 CET" finished-at="2019-10-31T18:48:20 CET">
    <groups>
    </groups>
    <test name="Default test" duration-ms="315067" started-at="2019-10-31T18:43:05 CET" finished-at="2019-10-31T18:48:20 CET">
      <class name="splunk.splunk_automation.DriverTest">
        <test-method status="PASS" signature="Code()[pri:0, instance:splunk.splunk_automation.DriverTest@12f41634]" name="Code" duration-ms="315005" started-at="2019-10-31T18:43:05 CET" finished-at="2019-10-31T18:48:20 CET">
          <reporter-output>
          </reporter-output>
        </test-method> <!-- Code -->
      </class> <!-- splunk.splunk_automation.DriverTest -->
    </test> <!-- Default test -->
  </suite> <!-- Default suite -->
</testng-results>
